<?xml version="1.0" encoding="UTF-8"?>
<!-- Generated by org.testng.reporters.JUnitXMLReporter -->
<testsuite ignored="1" hostname="DESKTOP-JQJ5R9C" failures="0" tests="5" name="Incidents" time="31.494" errors="0" timestamp="13 Jun 2023 16:45:46 GMT">
  <testcase classname="services.IncidentTests" name="CreateIncidents1" time="5.194"/>
  <testcase classname="services.IncidentTests" name="getIncidents1" time="7.445"/>
  <testcase classname="services.AnotherIncidentTests" name="CreateIncidents" time="4.197"/>
  <testcase classname="services.AnotherIncidentTests" name="getIncidents" time="7.302"/>
  <testcase classname="io.cucumber.testng.AbstractTestNGCucumberTests" name="runScenario" time="6.429"/>
  <testcase classname="services.BaseRequest" name="@BeforeSuite setUp" time="0.0">
    <ignored/>
  </testcase> <!-- @BeforeSuite setUp -->
</testsuite> <!-- Incidents -->
