<?xml version="1.0" encoding="UTF-8"?>
<!-- Generated by org.testng.reporters.JUnitXMLReporter -->
<testsuite ignored="1" hostname="LAPTOP-ED3B4Q90" failures="0" tests="5" name="Incidents" time="29.618" errors="0" timestamp="16 Apr 2023 02:00:45 GMT">
  <testcase classname="services.IncidentTests" name="CreateIncidents1" time="7.111"/>
  <testcase classname="services.IncidentTests" name="getIncidents1" time="5.587"/>
  <testcase classname="services.AnotherIncidentTests" name="CreateIncidents" time="4.273"/>
  <testcase classname="services.AnotherIncidentTests" name="getIncidents" time="5.504"/>
  <testcase classname="io.cucumber.testng.AbstractTestNGCucumberTests" name="runScenario" time="6.371"/>
  <testcase classname="services.BaseRequest" name="@BeforeSuite setUp" time="0.0">
    <ignored/>
  </testcase> <!-- @BeforeSuite setUp -->
</testsuite> <!-- Incidents -->
