<?xml version="1.0" encoding="UTF-8"?>
<testng-results ignored="1" total="6" passed="5" failed="0" skipped="0">
  <reporter-output>
  </reporter-output>
  <suite started-at="2023-06-13T16:45:14Z" name="Rest-Assured TestNG Tests" finished-at="2023-06-13T16:45:46Z" duration-ms="31494">
    <groups>
      <group name="cucumber">
        <method signature="AbstractTestNGCucumberTests.runScenario(io.cucumber.testng.PickleWrapper, io.cucumber.testng.FeatureWrapper)[pri:0, instance:runner.RunTest@537c8c7e]" name="runScenario" class="io.cucumber.testng.AbstractTestNGCucumberTests"/>
      </group> <!-- cucumber -->
    </groups>
    <test started-at="2023-06-13T16:45:14Z" name="Incidents" finished-at="2023-06-13T16:45:46Z" duration-ms="31494">
      <class name="services.AnotherIncidentTests">
        <test-method signature="CreateIncidents()[pri:0, instance:services.AnotherIncidentTests@3730ab42]" started-at="2023-06-13T16:45:27Z" name="CreateIncidents" finished-at="2023-06-13T16:45:32Z" duration-ms="4197" status="PASS">
          <reporter-output>
          </reporter-output>
        </test-method> <!-- CreateIncidents -->
        <test-method signature="getIncidents()[pri:0, instance:services.AnotherIncidentTests@3730ab42]" started-at="2023-06-13T16:45:32Z" name="getIncidents" finished-at="2023-06-13T16:45:39Z" duration-ms="7302" status="PASS">
          <reporter-output>
          </reporter-output>
        </test-method> <!-- getIncidents -->
      </class> <!-- services.AnotherIncidentTests -->
      <class name="services.IncidentTests">
        <test-method is-config="true" signature="setUp()[pri:0, instance:services.IncidentTests@3b95d13c]" started-at="2023-06-13T16:45:14Z" name="setUp" finished-at="2023-06-13T16:45:14Z" duration-ms="895" status="PASS">
          <reporter-output>
          </reporter-output>
        </test-method> <!-- setUp -->
        <test-method signature="CreateIncidents1()[pri:0, instance:services.IncidentTests@3b95d13c]" started-at="2023-06-13T16:45:15Z" name="CreateIncidents1" finished-at="2023-06-13T16:45:20Z" duration-ms="5194" status="PASS">
          <reporter-output>
          </reporter-output>
        </test-method> <!-- CreateIncidents1 -->
        <test-method signature="getIncidents1()[pri:0, instance:services.IncidentTests@3b95d13c]" started-at="2023-06-13T16:45:20Z" name="getIncidents1" finished-at="2023-06-13T16:45:27Z" duration-ms="7445" status="PASS">
          <reporter-output>
          </reporter-output>
        </test-method> <!-- getIncidents1 -->
      </class> <!-- services.IncidentTests -->
      <class name="runner.RunTest">
        <test-method is-config="true" signature="setUpClass()[pri:0, instance:runner.RunTest@537c8c7e]" started-at="2023-06-13T16:45:39Z" name="setUpClass" finished-at="2023-06-13T16:45:40Z" duration-ms="682" status="PASS">
          <reporter-output>
          </reporter-output>
        </test-method> <!-- setUpClass -->
        <test-method signature="runScenario(io.cucumber.testng.PickleWrapper, io.cucumber.testng.FeatureWrapper)[pri:0, instance:runner.RunTest@537c8c7e]" started-at="2023-06-13T16:45:40Z" name="runScenario" description="Runs Cucumber Scenarios" data-provider="scenarios" finished-at="2023-06-13T16:45:46Z" duration-ms="6429" status="PASS">
          <params>
            <param index="0">
              <value>
                <![CDATA["Create a new incident with short description"]]>
              </value>
            </param>
            <param index="1">
              <value>
                <![CDATA["Create New Incident"]]>
              </value>
            </param>
          </params>
          <reporter-output>
          </reporter-output>
        </test-method> <!-- runScenario -->
        <test-method is-config="true" signature="tearDownClass()[pri:0, instance:runner.RunTest@537c8c7e]" started-at="2023-06-13T16:45:46Z" name="tearDownClass" finished-at="2023-06-13T16:45:46Z" duration-ms="2" status="PASS">
          <reporter-output>
          </reporter-output>
        </test-method> <!-- tearDownClass -->
      </class> <!-- runner.RunTest -->
    </test> <!-- Incidents -->
  </suite> <!-- Rest-Assured TestNG Tests -->
</testng-results>
